<?xml version="1.0" encoding="UTF-8"?>
<testsuite name="PhoneBookTest" tests="1" skipped="0" failures="0" errors="0" timestamp="2021-11-29T10:39:18" hostname="ME" time="642.042">
  <properties/>
  <testcase name="start" classname="PhoneBookTest" time="642.042"/>
  <system-out><![CDATA[?[1;31m
Start test 1?[0m
Start searching (linear search)...
Found 500 / 500 entries. Time taken: 0 min. 25 sec. 544 ms.

Start searching (bubble sort + jump search)...
Found 500 / 500 entries. Time taken: 10 min. 11 sec. 494 ms.
Sorting time: 10 min. 0 sec. 35 ms.- STOPPED, moved to linear search
Searching time: 0 min. 11 sec. 459 ms.

Start searching (quick sort + binary search)...
Found 500 / 500 entries. Time taken: 0 min. 2 sec. 754 ms.
Sorting time: 0 min. 2 sec. 751 ms.
Searching time: 0 min. 0 sec. 3 ms.

Start searching (hash table)...
Found 500 / 500 entries. Time taken: 0 min. 1 sec. 641 ms.
Creating time: 0 min. 1 sec. 639 ms.
Searching time: 0 min. 0 sec. 2 ms.
]]></system-out>
  <system-err><![CDATA[]]></system-err>
</testsuite>
